<?xml version="1.0" encoding="UTF-8"?>
<testng-results ignored="0" total="1" passed="1" failed="0" skipped="0">
  <reporter-output>
  </reporter-output>
  <suite started-at="2026-05-11T17:03:54 IST" name="Automation Suite" finished-at="2026-05-11T17:04:02 IST" duration-ms="8317">
    <groups>
    </groups>
    <test started-at="2026-05-11T17:03:54 IST" name="Regression Tests" finished-at="2026-05-11T17:04:02 IST" duration-ms="8317">
      <class name="tests.LoginTest">
        <test-method is-config="true" signature="setup()[pri:0, instance:tests.LoginTest@6771beb3]" started-at="2026-05-11T17:03:54 IST" name="setup" finished-at="2026-05-11T17:04:01 IST" duration-ms="6750" status="PASS">
          <reporter-output>
          </reporter-output>
        </test-method> <!-- setup -->
        <test-method signature="verifyLogin()[pri:0, instance:tests.LoginTest@6771beb3]" started-at="2026-05-11T17:04:01 IST" name="verifyLogin" finished-at="2026-05-11T17:04:02 IST" duration-ms="1324" status="PASS">
          <reporter-output>
          </reporter-output>
        </test-method> <!-- verifyLogin -->
        <test-method is-config="true" signature="tearDown()[pri:0, instance:tests.LoginTest@6771beb3]" started-at="2026-05-11T17:04:02 IST" name="tearDown" finished-at="2026-05-11T17:04:02 IST" duration-ms="212" status="PASS">
          <reporter-output>
          </reporter-output>
        </test-method> <!-- tearDown -->
      </class> <!-- tests.LoginTest -->
    </test> <!-- Regression Tests -->
  </suite> <!-- Automation Suite -->
</testng-results>
